<!DOCTYPE html PUBLIC "-//W3C//DTD XHTML 1.1//EN" "http://www.w3.org/TR/xhtml11/DTD/xhtml11.dtd">
<html xmlns="http://www.w3.org/1999/xhtml">
<head>
<meta http-equiv="content-type" content="text/html; charset=UTF-8"/>
<title>TestNG Report</title>
<style type="text/css">table {margin-bottom:10px;border-collapse:collapse;empty-cells:show}th,td {border:1px solid #009;padding:.25em .5em}th {vertical-align:bottom}td {vertical-align:top}table a {font-weight:bold}.stripe td {background-color: #E6EBF9}.num {text-align:right}.passedodd td {background-color: #3F3}.passedeven td {background-color: #0A0}.skippedodd td {background-color: #DDD}.skippedeven td {background-color: #CCC}.failedodd td,.attn {background-color: #F33}.failedeven td,.stripe .attn {background-color: #D00}.stacktrace {white-space:pre;font-family:monospace}.totop {font-size:85%;text-align:center;border-bottom:2px solid #000}.invisible {display:none}</style>
</head>
<body>
<table>
<tr><th>Test</th><th># Passed</th><th># Skipped</th><th># Failed</th><th>Time (ms)</th><th>Included Groups</th><th>Excluded Groups</th></tr>
<tr><th colspan="7">Regression Test Suite</th></tr>
<tr><td><a href="#t0">test set for chrome browser</a></td><td class="num">14</td><td class="num">0</td><td class="num attn">9</td><td class="num">64,690</td><td></td><td></td></tr>
</table>
<table id='summary'><thead><tr><th>Class</th><th>Method</th><th>Start</th><th>Time (ms)</th></tr></thead><tbody><tr><th colspan="4">Regression Test Suite</th></tr></tbody><tbody id="t0"><tr><th colspan="4">test set for chrome browser &#8212; failed</th></tr><tr class="failedeven"><td rowspan="1">com.automationpractice.login.LoginTests</td><td><a href="#m0">login_with_vaid_userid_and_password</a></td><td rowspan="1">1542857643109</td><td rowspan="1">5</td></tr><tr class="failedodd"><td rowspan="1">com.automationpractice.misc.ActionsDemo</td><td><a href="#m1">keyPressByActions</a></td><td rowspan="1">1542857647340</td><td rowspan="1">15262</td></tr><tr class="failedeven"><td rowspan="1">com.automationpractice.misc.AssertDemo</td><td><a href="#m2">testOne</a></td><td rowspan="1">1542857667060</td><td rowspan="1">3</td></tr><tr class="failedodd"><td rowspan="2">com.automationpractice.misc.DriverSwitchDemo</td><td><a href="#m3">demoAlertPopup</a></td><td rowspan="1">1542857667071</td><td rowspan="1">2</td></tr><tr class="failedodd"><td><a href="#m4">switchToFrameDemo</a></td><td rowspan="1">1542857667076</td><td rowspan="1">2</td></tr><tr class="failedeven"><td rowspan="1">com.automationpractice.misc.rkreja</td><td><a href="#m5">implicitDemo</a></td><td rowspan="1">1542857691602</td><td rowspan="1">13061</td></tr><tr class="failedodd"><td rowspan="1">com.automationpractice.other.OtherTests</td><td><a href="#m6">Send_message_using_contact_us_form_other_001</a></td><td rowspan="1">1542857707753</td><td rowspan="1">2</td></tr><tr class="failedeven"><td rowspan="1">com.automationpractice.search.SearchTests</td><td><a href="#m7">product_image_view_search_003</a></td><td rowspan="1">1542857707757</td><td rowspan="1">1</td></tr><tr class="failedodd"><td rowspan="1">com.automationpractice.testng.TestngAnnotationsDemo</td><td><a href="#m8">mouseOverByActions</a></td><td rowspan="1">1542857707760</td><td rowspan="1">1</td></tr><tr><th colspan="4">test set for chrome browser &#8212; passed</th></tr><tr class="passedeven"><td rowspan="2">com.automationpractice.misc.ActionsDemo</td><td><a href="#m9">dragnDropByActions</a></td><td rowspan="1">1542857643118</td><td rowspan="1">4221</td></tr><tr class="passedeven"><td><a href="#m10">mouseOverByActions</a></td><td rowspan="1">1542857662605</td><td rowspan="1">4449</td></tr><tr class="passedodd"><td rowspan="1">com.automationpractice.misc.DemoAssert</td><td><a href="#m11">demoAssert</a></td><td rowspan="1">1542857667067</td><td rowspan="1">1</td></tr><tr class="passedeven"><td rowspan="1">com.automationpractice.misc.FileUploadDemo</td><td><a href="#m12">uploadFileBySendKeys</a></td><td rowspan="1">1542857667081</td><td rowspan="1">2985</td></tr><tr class="passedodd"><td rowspan="2">com.automationpractice.misc.ImplicitAndExplicitDemo</td><td><a href="#m13">explicitWaitDemo</a></td><td rowspan="1">1542857670068</td><td rowspan="1">18591</td></tr><tr class="passedodd"><td><a href="#m14">implicitWaitDemo</a></td><td rowspan="1">1542857688660</td><td rowspan="1">2940</td></tr><tr class="passedeven"><td rowspan="1">com.automationpractice.misc.SelectObjectDemo</td><td><a href="#m15">selectLanguage</a></td><td rowspan="1">1542857704665</td><td rowspan="1">3086</td></tr><tr class="passedodd"><td rowspan="3">com.automationpractice.testng.TestNGDemo</td><td><a href="#m16">loginWithAdminUser</a></td><td rowspan="1">1542857707773</td><td rowspan="1">1</td></tr><tr class="passedodd"><td><a href="#m17">loginWithModeratorUser</a></td><td rowspan="1">1542857707776</td><td rowspan="1">1</td></tr><tr class="passedodd"><td><a href="#m18">loginWithNormalUser</a></td><td rowspan="1">1542857707779</td><td rowspan="1">1</td></tr><tr class="passedeven"><td rowspan="4">com.automationpractice.testng.TestngAnnotationsDemo</td><td><a href="#m19">t1</a></td><td rowspan="1">1542857707764</td><td rowspan="1">1</td></tr><tr class="passedeven"><td><a href="#m20">t2</a></td><td rowspan="1">1542857707766</td><td rowspan="1">1</td></tr><tr class="passedeven"><td><a href="#m21">t3</a></td><td rowspan="1">1542857707768</td><td rowspan="1">1</td></tr><tr class="passedeven"><td><a href="#m22">t4</a></td><td rowspan="1">1542857707770</td><td rowspan="1">1</td></tr></tbody>
</table>
<h2>test set for chrome browser</h2><h3 id="m0">com.automationpractice.login.LoginTests#login_with_vaid_userid_and_password</h3><table class="result"><tr><th>Exception</th></tr><tr><td><div class="stacktrace">java.lang.NullPointerException
	at com.automationpractice.login.LoginTests.login_with_vaid_userid_and_password(LoginTests.java:15)
... Removed 25 stack frames</div></td></tr></table><p class="totop"><a href="#summary">back to summary</a></p>
<h3 id="m1">com.automationpractice.misc.ActionsDemo#keyPressByActions</h3><table class="result"><tr><th>Exception</th></tr><tr><td><div class="stacktrace">org.openqa.selenium.NoSuchElementException: no such element: Unable to locate element: {&quot;method&quot;:&quot;id&quot;,&quot;selector&quot;:&quot;search_query_top&quot;}
  (Session info: chrome=70.0.3538.102)
  (Driver info: chromedriver=2.43.600210 (68dcf5eebde37173d4027fa8635e332711d2874a),platform=Windows NT 10.0.17134 x86_64) (WARNING: The server did not provide any stacktrace information)
Command duration or timeout: 0 milliseconds
For documentation on this error, please visit: http://seleniumhq.org/exceptions/no_such_element.html
Build info: version: &apos;3.13.0&apos;, revision: &apos;2f0d292&apos;, time: &apos;2018-06-25T15:24:21.231Z&apos;
System info: host: &apos;DESKTOPOFREJA&apos;, ip: &apos;192.168.1.5&apos;, os.name: &apos;Windows 10&apos;, os.arch: &apos;amd64&apos;, os.version: &apos;10.0&apos;, java.version: &apos;1.8.0_171&apos;
Driver info: org.openqa.selenium.chrome.ChromeDriver
Capabilities {acceptInsecureCerts: false, acceptSslCerts: false, applicationCacheEnabled: false, browserConnectionEnabled: false, browserName: chrome, chrome: {chromedriverVersion: 2.43.600210 (68dcf5eebde371..., userDataDir: C:\Users\rkreja\AppData\Loc...}, cssSelectorsEnabled: true, databaseEnabled: false, goog:chromeOptions: {debuggerAddress: localhost:54245}, handlesAlerts: true, hasTouchScreen: false, javascriptEnabled: true, locationContextEnabled: true, mobileEmulationEnabled: false, nativeEvents: true, networkConnectionEnabled: false, pageLoadStrategy: normal, platform: XP, platformName: XP, rotatable: false, setWindowRect: true, takesHeapSnapshot: true, takesScreenshot: true, unexpectedAlertBehaviour: , unhandledPromptBehavior: , version: 70.0.3538.102, webStorageEnabled: true}
Session ID: 82dff45d88a1ac5b72a9912e0f18734b
*** Element info: {Using=id, value=search_query_top}
	at org.openqa.selenium.remote.ErrorHandler.createThrowable(ErrorHandler.java:214)
	at org.openqa.selenium.remote.ErrorHandler.throwIfResponseFailed(ErrorHandler.java:166)
	at org.openqa.selenium.remote.http.JsonHttpResponseCodec.reconstructValue(JsonHttpResponseCodec.java:40)
	at org.openqa.selenium.remote.http.AbstractHttpResponseCodec.decode(AbstractHttpResponseCodec.java:80)
	at org.openqa.selenium.remote.http.AbstractHttpResponseCodec.decode(AbstractHttpResponseCodec.java:44)
	at org.openqa.selenium.remote.HttpCommandExecutor.execute(HttpCommandExecutor.java:158)
	at org.openqa.selenium.remote.service.DriverCommandExecutor.execute(DriverCommandExecutor.java:83)
	at org.openqa.selenium.remote.RemoteWebDriver.execute(RemoteWebDriver.java:548)
	at org.openqa.selenium.remote.RemoteWebDriver.findElement(RemoteWebDriver.java:322)
	at org.openqa.selenium.remote.RemoteWebDriver.findElementById(RemoteWebDriver.java:368)
	at org.openqa.selenium.By$ById.findElement(By.java:188)
	at org.openqa.selenium.remote.RemoteWebDriver.findElement(RemoteWebDriver.java:314)
	at com.automationpractice.misc.ActionsDemo.keyPressByActions(ActionsDemo.java:26)
... Removed 29 stack frames</div></td></tr></table><p class="totop"><a href="#summary">back to summary</a></p>
<h3 id="m2">com.automationpractice.misc.AssertDemo#testOne</h3><table class="result"><tr><th>Exception</th></tr><tr><td><div class="stacktrace">java.lang.AssertionError: expected [def] but found [abc]
	at com.automationpractice.misc.AssertDemo.testOne(AssertDemo.java:13)
... Removed 31 stack frames</div></td></tr></table><p class="totop"><a href="#summary">back to summary</a></p>
<h3 id="m3">com.automationpractice.misc.DriverSwitchDemo#demoAlertPopup</h3><table class="result"><tr><th>Exception</th></tr><tr><td><div class="stacktrace">java.lang.NullPointerException
	at com.automationpractice.misc.DriverSwitchDemo.demoAlertPopup(DriverSwitchDemo.java:44)
... Removed 25 stack frames</div></td></tr></table><p class="totop"><a href="#summary">back to summary</a></p>
<h3 id="m4">com.automationpractice.misc.DriverSwitchDemo#switchToFrameDemo</h3><table class="result"><tr><th>Exception</th></tr><tr><td><div class="stacktrace">java.lang.NullPointerException
	at com.automationpractice.misc.DriverSwitchDemo.switchToFrameDemo(DriverSwitchDemo.java:31)
... Removed 25 stack frames</div></td></tr></table><p class="totop"><a href="#summary">back to summary</a></p>
<h3 id="m5">com.automationpractice.misc.rkreja#implicitDemo</h3><table class="result"><tr><th>Exception</th></tr><tr><td><div class="stacktrace">org.openqa.selenium.NoSuchElementException: no such element: Unable to locate element: {&quot;method&quot;:&quot;xpath&quot;,&quot;selector&quot;:&quot;//button[@class=&apos;btn btn-primary1&apos;]&quot;}
  (Session info: chrome=70.0.3538.102)
  (Driver info: chromedriver=2.43.600210 (68dcf5eebde37173d4027fa8635e332711d2874a),platform=Windows NT 10.0.17134 x86_64) (WARNING: The server did not provide any stacktrace information)
Command duration or timeout: 0 milliseconds
For documentation on this error, please visit: http://seleniumhq.org/exceptions/no_such_element.html
Build info: version: &apos;3.13.0&apos;, revision: &apos;2f0d292&apos;, time: &apos;2018-06-25T15:24:21.231Z&apos;
System info: host: &apos;DESKTOPOFREJA&apos;, ip: &apos;192.168.1.5&apos;, os.name: &apos;Windows 10&apos;, os.arch: &apos;amd64&apos;, os.version: &apos;10.0&apos;, java.version: &apos;1.8.0_171&apos;
Driver info: org.openqa.selenium.chrome.ChromeDriver
Capabilities {acceptInsecureCerts: false, acceptSslCerts: false, applicationCacheEnabled: false, browserConnectionEnabled: false, browserName: chrome, chrome: {chromedriverVersion: 2.43.600210 (68dcf5eebde371..., userDataDir: C:\Users\rkreja\AppData\Loc...}, cssSelectorsEnabled: true, databaseEnabled: false, goog:chromeOptions: {debuggerAddress: localhost:54373}, handlesAlerts: true, hasTouchScreen: false, javascriptEnabled: true, locationContextEnabled: true, mobileEmulationEnabled: false, nativeEvents: true, networkConnectionEnabled: false, pageLoadStrategy: normal, platform: XP, platformName: XP, rotatable: false, setWindowRect: true, takesHeapSnapshot: true, takesScreenshot: true, unexpectedAlertBehaviour: , unhandledPromptBehavior: , version: 70.0.3538.102, webStorageEnabled: true}
Session ID: 5495ff3dedc627bf805869a131860831
*** Element info: {Using=xpath, value=//button[@class=&apos;btn btn-primary1&apos;]}
	at org.openqa.selenium.remote.ErrorHandler.createThrowable(ErrorHandler.java:214)
	at org.openqa.selenium.remote.ErrorHandler.throwIfResponseFailed(ErrorHandler.java:166)
	at org.openqa.selenium.remote.http.JsonHttpResponseCodec.reconstructValue(JsonHttpResponseCodec.java:40)
	at org.openqa.selenium.remote.http.AbstractHttpResponseCodec.decode(AbstractHttpResponseCodec.java:80)
	at org.openqa.selenium.remote.http.AbstractHttpResponseCodec.decode(AbstractHttpResponseCodec.java:44)
	at org.openqa.selenium.remote.HttpCommandExecutor.execute(HttpCommandExecutor.java:158)
	at org.openqa.selenium.remote.service.DriverCommandExecutor.execute(DriverCommandExecutor.java:83)
	at org.openqa.selenium.remote.RemoteWebDriver.execute(RemoteWebDriver.java:548)
	at org.openqa.selenium.remote.RemoteWebDriver.findElement(RemoteWebDriver.java:322)
	at org.openqa.selenium.remote.RemoteWebDriver.findElementByXPath(RemoteWebDriver.java:424)
	at org.openqa.selenium.By$ByXPath.findElement(By.java:353)
	at org.openqa.selenium.remote.RemoteWebDriver.findElement(RemoteWebDriver.java:314)
	at com.automationpractice.misc.rkreja.implicitDemo(rkreja.java:19)
... Removed 29 stack frames</div></td></tr></table><p class="totop"><a href="#summary">back to summary</a></p>
<h3 id="m6">com.automationpractice.other.OtherTests#Send_message_using_contact_us_form_other_001</h3><table class="result"><tr><th>Exception</th></tr><tr><td><div class="stacktrace">java.lang.NullPointerException
	at com.automationpractice.other.OtherTests.Send_message_using_contact_us_form_other_001(OtherTests.java:19)
... Removed 25 stack frames</div></td></tr></table><p class="totop"><a href="#summary">back to summary</a></p>
<h3 id="m7">com.automationpractice.search.SearchTests#product_image_view_search_003</h3><table class="result"><tr><th>Exception</th></tr><tr><td><div class="stacktrace">java.lang.NullPointerException
	at com.automationpractice.search.SearchTests.product_image_view_search_003(SearchTests.java:20)
... Removed 25 stack frames</div></td></tr></table><p class="totop"><a href="#summary">back to summary</a></p>
<h3 id="m8">com.automationpractice.testng.TestngAnnotationsDemo#mouseOverByActions</h3><table class="result"><tr><th>Exception</th></tr><tr><td><div class="stacktrace">java.lang.NullPointerException
	at com.automationpractice.testng.TestngAnnotationsDemo.mouseOverByActions(TestngAnnotationsDemo.java:33)
... Removed 25 stack frames</div></td></tr></table><p class="totop"><a href="#summary">back to summary</a></p>
<h3 id="m9">com.automationpractice.misc.ActionsDemo#dragnDropByActions</h3><table class="result"><tr><th class="invisible"/></tr></table><p class="totop"><a href="#summary">back to summary</a></p>
<h3 id="m10">com.automationpractice.misc.ActionsDemo#mouseOverByActions</h3><table class="result"><tr><th class="invisible"/></tr></table><p class="totop"><a href="#summary">back to summary</a></p>
<h3 id="m11">com.automationpractice.misc.DemoAssert#demoAssert</h3><table class="result"><tr><th class="invisible"/></tr></table><p class="totop"><a href="#summary">back to summary</a></p>
<h3 id="m12">com.automationpractice.misc.FileUploadDemo#uploadFileBySendKeys</h3><table class="result"><tr><th class="invisible"/></tr></table><p class="totop"><a href="#summary">back to summary</a></p>
<h3 id="m13">com.automationpractice.misc.ImplicitAndExplicitDemo#explicitWaitDemo</h3><table class="result"><tr><th class="invisible"/></tr></table><p class="totop"><a href="#summary">back to summary</a></p>
<h3 id="m14">com.automationpractice.misc.ImplicitAndExplicitDemo#implicitWaitDemo</h3><table class="result"><tr><th class="invisible"/></tr></table><p class="totop"><a href="#summary">back to summary</a></p>
<h3 id="m15">com.automationpractice.misc.SelectObjectDemo#selectLanguage</h3><table class="result"><tr><th class="invisible"/></tr></table><p class="totop"><a href="#summary">back to summary</a></p>
<h3 id="m16">com.automationpractice.testng.TestNGDemo#loginWithAdminUser</h3><table class="result"><tr><th class="invisible"/></tr></table><p class="totop"><a href="#summary">back to summary</a></p>
<h3 id="m17">com.automationpractice.testng.TestNGDemo#loginWithModeratorUser</h3><table class="result"><tr><th class="invisible"/></tr></table><p class="totop"><a href="#summary">back to summary</a></p>
<h3 id="m18">com.automationpractice.testng.TestNGDemo#loginWithNormalUser</h3><table class="result"><tr><th class="invisible"/></tr></table><p class="totop"><a href="#summary">back to summary</a></p>
<h3 id="m19">com.automationpractice.testng.TestngAnnotationsDemo#t1</h3><table class="result"><tr><th class="invisible"/></tr></table><p class="totop"><a href="#summary">back to summary</a></p>
<h3 id="m20">com.automationpractice.testng.TestngAnnotationsDemo#t2</h3><table class="result"><tr><th class="invisible"/></tr></table><p class="totop"><a href="#summary">back to summary</a></p>
<h3 id="m21">com.automationpractice.testng.TestngAnnotationsDemo#t3</h3><table class="result"><tr><th class="invisible"/></tr></table><p class="totop"><a href="#summary">back to summary</a></p>
<h3 id="m22">com.automationpractice.testng.TestngAnnotationsDemo#t4</h3><table class="result"><tr><th class="invisible"/></tr></table><p class="totop"><a href="#summary">back to summary</a></p>
</body>
</html>
